<?xml version="1.0" encoding="UTF-8" standalone="no"?>
<!DOCTYPE log SYSTEM "logger.dtd">
<log>
<record>
  <date>2020-07-07T15:31:19</date>
  <millis>1594116079659</millis>
  <sequence>0</sequence>
  <level>START</level>
  <class>com.kms.katalon.core.logging.XmlKeywordLogger</class>
  <method>startSuite</method>
  <thread>1</thread>
  <message>Start Test Suite : Test Suites/Login/AllLoginScenarios</message>
  <nestedLevel>0</nestedLevel>
  <property name="name">AllLoginScenarios</property>
  <property name="description"></property>
  <property name="id">Test Suites/Login/AllLoginScenarios</property>
</record>
<record>
  <date>2020-07-07T15:31:19</date>
  <millis>1594116079699</millis>
  <sequence>1</sequence>
  <level>RUN_DATA</level>
  <class>com.kms.katalon.core.logging.XmlKeywordLogger</class>
  <method>logMessage</method>
  <thread>1</thread>
  <message>hostName = User - DESKTOP-N3UIFI2</message>
  <nestedLevel>0</nestedLevel>
  <property name="hostName">User - DESKTOP-N3UIFI2</property>
</record>
<record>
  <date>2020-07-07T15:31:19</date>
  <millis>1594116079703</millis>
  <sequence>2</sequence>
  <level>RUN_DATA</level>
  <class>com.kms.katalon.core.logging.XmlKeywordLogger</class>
  <method>logMessage</method>
  <thread>1</thread>
  <message>os = Windows 10 64bit</message>
  <nestedLevel>0</nestedLevel>
  <property name="os">Windows 10 64bit</property>
</record>
<record>
  <date>2020-07-07T15:31:19</date>
  <millis>1594116079760</millis>
  <sequence>3</sequence>
  <level>RUN_DATA</level>
  <class>com.kms.katalon.core.logging.XmlKeywordLogger</class>
  <method>logMessage</method>
  <thread>1</thread>
  <message>hostAddress = 192.168.0.103</message>
  <nestedLevel>0</nestedLevel>
  <property name="hostAddress">192.168.0.103</property>
</record>
<record>
  <date>2020-07-07T15:31:19</date>
  <millis>1594116079790</millis>
  <sequence>4</sequence>
  <level>RUN_DATA</level>
  <class>com.kms.katalon.core.logging.XmlKeywordLogger</class>
  <method>logMessage</method>
  <thread>1</thread>
  <message>katalonVersion = 7.5.5.1</message>
  <nestedLevel>0</nestedLevel>
  <property name="katalonVersion">7.5.5.1</property>
</record>
<record>
  <date>2020-07-07T15:31:20</date>
  <millis>1594116080361</millis>
  <sequence>5</sequence>
  <level>START</level>
  <class>com.kms.katalon.core.logging.XmlKeywordLogger</class>
  <method>startTest</method>
  <thread>1</thread>
  <message>Start Test Case : Test Cases/Login/InValidLogin</message>
  <nestedLevel>1</nestedLevel>
  <property name="name">Test Cases/Login/InValidLogin</property>
  <property name="description">Valid Login Scenario</property>
  <property name="id">Test Cases/Login/InValidLogin</property>
  <property name="source">C:\\Users\\User\\Desktop\\PW_Healthcare\\PW_Healthcare\\Test Cases\\Login\\InValidLogin.tc</property>
  <property name="tag">validlogin</property>
  <property name="isOptional">false</property>
</record>
<record>
  <date>2020-07-07T15:31:21</date>
  <millis>1594116081217</millis>
  <sequence>7</sequence>
  <level>START</level>
  <class>com.kms.katalon.core.logging.XmlKeywordLogger</class>
  <method>startKeyword</method>
  <thread>1</thread>
  <message>Start action : response = sendRequest(findTestObject(\&amp;quot;User Login/Login URL\&amp;quot;))</message>
  <nestedLevel>1</nestedLevel>
  <property name="startLine">19</property>
  <property name="stepIndex">1</property>
  <property name="description">This is InValid login scenario\r\n</property>
</record>
<record>
  <date>2020-07-07T15:31:25</date>
  <millis>1594116085182</millis>
  <sequence>10</sequence>
  <level>INFO</level>
  <class>com.kms.katalon.core.logging.XmlKeywordLogger</class>
  <method>logMessage</method>
  <thread>1</thread>
  <message>HAR: C:\\Users\\User\\Desktop\\PW_Healthcare\\PW_Healthcare\\Reports\\20200707_153113\\Login\\AllLoginScenarios\\20200707_153113\\requests\\main\\0.har</message>
  <nestedLevel>1</nestedLevel>
  <property name="harId">bee0bbf1-ffc7-4f01-9e80-27600f1accb4</property>
</record>
<record>
  <date>2020-07-07T15:31:25</date>
  <millis>1594116085507</millis>
  <sequence>11</sequence>
  <level>PASSED</level>
  <class>com.kms.katalon.core.logging.XmlKeywordLogger</class>
  <method>logMessage</method>
  <thread>1</thread>
  <message>Send request successfully</message>
  <nestedLevel>1</nestedLevel>
</record>
<record>
  <date>2020-07-07T15:31:25</date>
  <millis>1594116085518</millis>
  <sequence>12</sequence>
  <level>END</level>
  <class>com.kms.katalon.core.logging.XmlKeywordLogger</class>
  <method>endKeyword</method>
  <thread>1</thread>
  <message>End action : response = sendRequest(findTestObject(\&amp;quot;User Login/Login URL\&amp;quot;))</message>
  <nestedLevel>1</nestedLevel>
</record>
<record>
  <date>2020-07-07T15:31:25</date>
  <millis>1594116085519</millis>
  <sequence>13</sequence>
  <level>START</level>
  <class>com.kms.katalon.core.logging.XmlKeywordLogger</class>
  <method>startKeyword</method>
  <thread>1</thread>
  <message>Start action : verifyResponseStatusCode(response, 200)</message>
  <nestedLevel>1</nestedLevel>
  <property name="startLine">21</property>
  <property name="stepIndex">2</property>
</record>
<record>
  <date>2020-07-07T15:31:25</date>
  <millis>1594116085619</millis>
  <sequence>15</sequence>
  <level>PASSED</level>
  <class>com.kms.katalon.core.logging.XmlKeywordLogger</class>
  <method>logMessage</method>
  <thread>1</thread>
  <message>Verify response status code successfully</message>
  <nestedLevel>1</nestedLevel>
</record>
<record>
  <date>2020-07-07T15:31:25</date>
  <millis>1594116085627</millis>
  <sequence>16</sequence>
  <level>END</level>
  <class>com.kms.katalon.core.logging.XmlKeywordLogger</class>
  <method>endKeyword</method>
  <thread>1</thread>
  <message>End action : verifyResponseStatusCode(response, 200)</message>
  <nestedLevel>1</nestedLevel>
</record>
<record>
  <date>2020-07-07T15:31:25</date>
  <millis>1594116085629</millis>
  <sequence>17</sequence>
  <level>START</level>
  <class>com.kms.katalon.core.logging.XmlKeywordLogger</class>
  <method>startKeyword</method>
  <thread>1</thread>
  <message>Start action : verifyElementPropertyValue(response, \&amp;quot;data.customer.email\&amp;quot;, \&amp;quot;prynk19@birdzi.com\&amp;quot;)</message>
  <nestedLevel>1</nestedLevel>
  <property name="startLine">23</property>
  <property name="stepIndex">3</property>
</record>
<record>
  <date>2020-07-07T15:31:25</date>
  <millis>1594116085880</millis>
  <sequence>19</sequence>
  <level>PASSED</level>
  <class>com.kms.katalon.core.logging.XmlKeywordLogger</class>
  <method>logMessage</method>
  <thread>1</thread>
  <message>Verify element property value successfully</message>
  <nestedLevel>1</nestedLevel>
</record>
<record>
  <date>2020-07-07T15:31:25</date>
  <millis>1594116085888</millis>
  <sequence>20</sequence>
  <level>END</level>
  <class>com.kms.katalon.core.logging.XmlKeywordLogger</class>
  <method>endKeyword</method>
  <thread>1</thread>
  <message>End action : verifyElementPropertyValue(response, \&amp;quot;data.customer.email\&amp;quot;, \&amp;quot;prynk19@birdzi.com\&amp;quot;)</message>
  <nestedLevel>1</nestedLevel>
</record>
<record>
  <date>2020-07-07T15:31:25</date>
  <millis>1594116085910</millis>
  <sequence>21</sequence>
  <level>PASSED</level>
  <class>com.kms.katalon.core.logging.XmlKeywordLogger</class>
  <method>logMessage</method>
  <thread>1</thread>
  <message>Test Cases/Login/InValidLogin</message>
  <nestedLevel>1</nestedLevel>
</record>
<record>
  <date>2020-07-07T15:31:25</date>
  <millis>1594116085926</millis>
  <sequence>22</sequence>
  <level>END</level>
  <class>com.kms.katalon.core.logging.XmlKeywordLogger</class>
  <method>endTest</method>
  <thread>1</thread>
  <message>End Test Case : Test Cases/Login/InValidLogin</message>
  <nestedLevel>0</nestedLevel>
</record>
<record>
  <date>2020-07-07T15:31:26</date>
  <millis>1594116086444</millis>
  <sequence>23</sequence>
  <level>START</level>
  <class>com.kms.katalon.core.logging.XmlKeywordLogger</class>
  <method>startTest</method>
  <thread>1</thread>
  <message>Start Test Case : Test Cases/Login/ValidLogin</message>
  <nestedLevel>1</nestedLevel>
  <property name="name">Test Cases/Login/ValidLogin</property>
  <property name="description">Valid Login Scenario</property>
  <property name="id">Test Cases/Login/ValidLogin</property>
  <property name="source">C:\\Users\\User\\Desktop\\PW_Healthcare\\PW_Healthcare\\Test Cases\\Login\\ValidLogin.tc</property>
  <property name="tag">validlogin</property>
  <property name="isOptional">false</property>
</record>
<record>
  <date>2020-07-07T15:31:26</date>
  <millis>1594116086976</millis>
  <sequence>25</sequence>
  <level>START</level>
  <class>com.kms.katalon.core.logging.XmlKeywordLogger</class>
  <method>startKeyword</method>
  <thread>1</thread>
  <message>Start action : response = sendRequest(findTestObject(\&amp;quot;User Login/Login URL\&amp;quot;))</message>
  <nestedLevel>1</nestedLevel>
  <property name="startLine">19</property>
  <property name="stepIndex">1</property>
  <property name="description">This is Valid login scenario.\r\n</property>
</record>
<record>
  <date>2020-07-07T15:31:28</date>
  <millis>1594116088164</millis>
  <sequence>28</sequence>
  <level>INFO</level>
  <class>com.kms.katalon.core.logging.XmlKeywordLogger</class>
  <method>logMessage</method>
  <thread>1</thread>
  <message>HAR: C:\\Users\\User\\Desktop\\PW_Healthcare\\PW_Healthcare\\Reports\\20200707_153113\\Login\\AllLoginScenarios\\20200707_153113\\requests\\main\\1.har</message>
  <nestedLevel>1</nestedLevel>
  <property name="harId">abf21137-2026-4192-9ca4-472b1ad994c0</property>
</record>
<record>
  <date>2020-07-07T15:31:28</date>
  <millis>1594116088191</millis>
  <sequence>29</sequence>
  <level>PASSED</level>
  <class>com.kms.katalon.core.logging.XmlKeywordLogger</class>
  <method>logMessage</method>
  <thread>1</thread>
  <message>Send request successfully</message>
  <nestedLevel>1</nestedLevel>
</record>
<record>
  <date>2020-07-07T15:31:28</date>
  <millis>1594116088216</millis>
  <sequence>30</sequence>
  <level>END</level>
  <class>com.kms.katalon.core.logging.XmlKeywordLogger</class>
  <method>endKeyword</method>
  <thread>1</thread>
  <message>End action : response = sendRequest(findTestObject(\&amp;quot;User Login/Login URL\&amp;quot;))</message>
  <nestedLevel>1</nestedLevel>
</record>
<record>
  <date>2020-07-07T15:31:28</date>
  <millis>1594116088217</millis>
  <sequence>31</sequence>
  <level>START</level>
  <class>com.kms.katalon.core.logging.XmlKeywordLogger</class>
  <method>startKeyword</method>
  <thread>1</thread>
  <message>Start action : verifyResponseStatusCode(response, 200)</message>
  <nestedLevel>1</nestedLevel>
  <property name="startLine">21</property>
  <property name="stepIndex">2</property>
</record>
<record>
  <date>2020-07-07T15:31:28</date>
  <millis>1594116088246</millis>
  <sequence>33</sequence>
  <level>PASSED</level>
  <class>com.kms.katalon.core.logging.XmlKeywordLogger</class>
  <method>logMessage</method>
  <thread>1</thread>
  <message>Verify response status code successfully</message>
  <nestedLevel>1</nestedLevel>
</record>
<record>
  <date>2020-07-07T15:31:28</date>
  <millis>1594116088249</millis>
  <sequence>34</sequence>
  <level>END</level>
  <class>com.kms.katalon.core.logging.XmlKeywordLogger</class>
  <method>endKeyword</method>
  <thread>1</thread>
  <message>End action : verifyResponseStatusCode(response, 200)</message>
  <nestedLevel>1</nestedLevel>
</record>
<record>
  <date>2020-07-07T15:31:28</date>
  <millis>1594116088252</millis>
  <sequence>35</sequence>
  <level>START</level>
  <class>com.kms.katalon.core.logging.XmlKeywordLogger</class>
  <method>startKeyword</method>
  <thread>1</thread>
  <message>Start action : verifyElementPropertyValue(response, \&amp;quot;data.customer.email\&amp;quot;, \&amp;quot;prynk19@birdzi.com\&amp;quot;)</message>
  <nestedLevel>1</nestedLevel>
  <property name="startLine">23</property>
  <property name="stepIndex">3</property>
</record>
<record>
  <date>2020-07-07T15:31:28</date>
  <millis>1594116088333</millis>
  <sequence>37</sequence>
  <level>PASSED</level>
  <class>com.kms.katalon.core.logging.XmlKeywordLogger</class>
  <method>logMessage</method>
  <thread>1</thread>
  <message>Verify element property value successfully</message>
  <nestedLevel>1</nestedLevel>
</record>
<record>
  <date>2020-07-07T15:31:28</date>
  <millis>1594116088334</millis>
  <sequence>38</sequence>
  <level>END</level>
  <class>com.kms.katalon.core.logging.XmlKeywordLogger</class>
  <method>endKeyword</method>
  <thread>1</thread>
  <message>End action : verifyElementPropertyValue(response, \&amp;quot;data.customer.email\&amp;quot;, \&amp;quot;prynk19@birdzi.com\&amp;quot;)</message>
  <nestedLevel>1</nestedLevel>
</record>
<record>
  <date>2020-07-07T15:31:28</date>
  <millis>1594116088336</millis>
  <sequence>39</sequence>
  <level>PASSED</level>
  <class>com.kms.katalon.core.logging.XmlKeywordLogger</class>
  <method>logMessage</method>
  <thread>1</thread>
  <message>Test Cases/Login/ValidLogin</message>
  <nestedLevel>1</nestedLevel>
</record>
<record>
  <date>2020-07-07T15:31:28</date>
  <millis>1594116088338</millis>
  <sequence>40</sequence>
  <level>END</level>
  <class>com.kms.katalon.core.logging.XmlKeywordLogger</class>
  <method>endTest</method>
  <thread>1</thread>
  <message>End Test Case : Test Cases/Login/ValidLogin</message>
  <nestedLevel>0</nestedLevel>
</record>
<record>
  <date>2020-07-07T15:31:28</date>
  <millis>1594116088707</millis>
  <sequence>41</sequence>
  <level>END</level>
  <class>com.kms.katalon.core.logging.XmlKeywordLogger</class>
  <method>endSuite</method>
  <thread>1</thread>
  <message>End Test Suite : Test Suites/Login/AllLoginScenarios</message>
  <nestedLevel>0</nestedLevel>
</record>
</log>