<?xml version="1.0" encoding="UTF-8" standalone="no"?>
<!DOCTYPE log SYSTEM "logger.dtd">
<log>
<record>
  <date>2020-07-08T10:31:37</date>
  <millis>1594184497145</millis>
  <sequence>0</sequence>
  <level>START</level>
  <class>com.kms.katalon.core.logging.XmlKeywordLogger</class>
  <method>startSuite</method>
  <thread>1</thread>
  <message>Start Test Suite : Test Suites/Login/AllLoginScenarios</message>
  <nestedLevel>0</nestedLevel>
  <property name="name">AllLoginScenarios</property>
  <property name="description"></property>
  <property name="id">Test Suites/Login/AllLoginScenarios</property>
</record>
<record>
  <date>2020-07-08T10:31:37</date>
  <millis>1594184497414</millis>
  <sequence>1</sequence>
  <level>RUN_DATA</level>
  <class>com.kms.katalon.core.logging.XmlKeywordLogger</class>
  <method>logMessage</method>
  <thread>1</thread>
  <message>hostName = User - DESKTOP-N3UIFI2</message>
  <nestedLevel>0</nestedLevel>
  <property name="hostName">User - DESKTOP-N3UIFI2</property>
</record>
<record>
  <date>2020-07-08T10:31:37</date>
  <millis>1594184497420</millis>
  <sequence>2</sequence>
  <level>RUN_DATA</level>
  <class>com.kms.katalon.core.logging.XmlKeywordLogger</class>
  <method>logMessage</method>
  <thread>1</thread>
  <message>os = Windows 10 64bit</message>
  <nestedLevel>0</nestedLevel>
  <property name="os">Windows 10 64bit</property>
</record>
<record>
  <date>2020-07-08T10:31:37</date>
  <millis>1594184497441</millis>
  <sequence>3</sequence>
  <level>RUN_DATA</level>
  <class>com.kms.katalon.core.logging.XmlKeywordLogger</class>
  <method>logMessage</method>
  <thread>1</thread>
  <message>hostAddress = 192.168.0.103</message>
  <nestedLevel>0</nestedLevel>
  <property name="hostAddress">192.168.0.103</property>
</record>
<record>
  <date>2020-07-08T10:31:37</date>
  <millis>1594184497443</millis>
  <sequence>4</sequence>
  <level>RUN_DATA</level>
  <class>com.kms.katalon.core.logging.XmlKeywordLogger</class>
  <method>logMessage</method>
  <thread>1</thread>
  <message>katalonVersion = 7.5.5.1</message>
  <nestedLevel>0</nestedLevel>
  <property name="katalonVersion">7.5.5.1</property>
</record>
<record>
  <date>2020-07-08T10:31:39</date>
  <millis>1594184499955</millis>
  <sequence>5</sequence>
  <level>START</level>
  <class>com.kms.katalon.core.logging.XmlKeywordLogger</class>
  <method>startTest</method>
  <thread>1</thread>
  <message>Start Test Case : Test Cases/Login/InValidLogin</message>
  <nestedLevel>1</nestedLevel>
  <property name="name">Test Cases/Login/InValidLogin</property>
  <property name="description">Valid Login Scenario</property>
  <property name="id">Test Cases/Login/InValidLogin</property>
  <property name="source">C:\\Users\\User\\git\\PWHealthcare\\Test Cases\\Login\\InValidLogin.tc</property>
  <property name="tag">validlogin</property>
  <property name="isOptional">false</property>
</record>
<record>
  <date>2020-07-08T10:31:43</date>
  <millis>1594184503750</millis>
  <sequence>7</sequence>
  <level>START</level>
  <class>com.kms.katalon.core.logging.XmlKeywordLogger</class>
  <method>startKeyword</method>
  <thread>1</thread>
  <message>Start action : response = sendRequest(findTestObject(\&amp;quot;User Login/Login URL\&amp;quot;))</message>
  <nestedLevel>1</nestedLevel>
  <property name="startLine">19</property>
  <property name="stepIndex">1</property>
  <property name="description">This is InValid login scenario\r\n</property>
</record>
<record>
  <date>2020-07-08T10:31:54</date>
  <millis>1594184514043</millis>
  <sequence>10</sequence>
  <level>INFO</level>
  <class>com.kms.katalon.core.logging.XmlKeywordLogger</class>
  <method>logMessage</method>
  <thread>1</thread>
  <message>HAR: C:\\Users\\User\\git\\PWHealthcare\\Reports\\20200708_103128\\Login\\AllLoginScenarios\\20200708_103128\\requests\\main\\0.har</message>
  <nestedLevel>1</nestedLevel>
  <property name="harId">56ae6998-65d2-4129-9f09-43d1a545cfe0</property>
</record>
<record>
  <date>2020-07-08T10:31:55</date>
  <millis>1594184515248</millis>
  <sequence>11</sequence>
  <level>PASSED</level>
  <class>com.kms.katalon.core.logging.XmlKeywordLogger</class>
  <method>logMessage</method>
  <thread>1</thread>
  <message>Send request successfully</message>
  <nestedLevel>1</nestedLevel>
</record>
<record>
  <date>2020-07-08T10:31:55</date>
  <millis>1594184515286</millis>
  <sequence>12</sequence>
  <level>END</level>
  <class>com.kms.katalon.core.logging.XmlKeywordLogger</class>
  <method>endKeyword</method>
  <thread>1</thread>
  <message>End action : response = sendRequest(findTestObject(\&amp;quot;User Login/Login URL\&amp;quot;))</message>
  <nestedLevel>1</nestedLevel>
</record>
<record>
  <date>2020-07-08T10:31:55</date>
  <millis>1594184515287</millis>
  <sequence>13</sequence>
  <level>START</level>
  <class>com.kms.katalon.core.logging.XmlKeywordLogger</class>
  <method>startKeyword</method>
  <thread>1</thread>
  <message>Start action : verifyResponseStatusCode(response, 200)</message>
  <nestedLevel>1</nestedLevel>
  <property name="startLine">21</property>
  <property name="stepIndex">2</property>
</record>
<record>
  <date>2020-07-08T10:31:55</date>
  <millis>1594184515541</millis>
  <sequence>15</sequence>
  <level>PASSED</level>
  <class>com.kms.katalon.core.logging.XmlKeywordLogger</class>
  <method>logMessage</method>
  <thread>1</thread>
  <message>Verify response status code successfully</message>
  <nestedLevel>1</nestedLevel>
</record>
<record>
  <date>2020-07-08T10:31:55</date>
  <millis>1594184515545</millis>
  <sequence>16</sequence>
  <level>END</level>
  <class>com.kms.katalon.core.logging.XmlKeywordLogger</class>
  <method>endKeyword</method>
  <thread>1</thread>
  <message>End action : verifyResponseStatusCode(response, 200)</message>
  <nestedLevel>1</nestedLevel>
</record>
<record>
  <date>2020-07-08T10:31:55</date>
  <millis>1594184515550</millis>
  <sequence>17</sequence>
  <level>START</level>
  <class>com.kms.katalon.core.logging.XmlKeywordLogger</class>
  <method>startKeyword</method>
  <thread>1</thread>
  <message>Start action : verifyElementPropertyValue(response, \&amp;quot;data.customer.email\&amp;quot;, \&amp;quot;prynk19@birdzi.com\&amp;quot;)</message>
  <nestedLevel>1</nestedLevel>
  <property name="startLine">23</property>
  <property name="stepIndex">3</property>
</record>
<record>
  <date>2020-07-08T10:31:56</date>
  <millis>1594184516866</millis>
  <sequence>19</sequence>
  <level>PASSED</level>
  <class>com.kms.katalon.core.logging.XmlKeywordLogger</class>
  <method>logMessage</method>
  <thread>1</thread>
  <message>Verify element property value successfully</message>
  <nestedLevel>1</nestedLevel>
</record>
<record>
  <date>2020-07-08T10:31:56</date>
  <millis>1594184516868</millis>
  <sequence>20</sequence>
  <level>END</level>
  <class>com.kms.katalon.core.logging.XmlKeywordLogger</class>
  <method>endKeyword</method>
  <thread>1</thread>
  <message>End action : verifyElementPropertyValue(response, \&amp;quot;data.customer.email\&amp;quot;, \&amp;quot;prynk19@birdzi.com\&amp;quot;)</message>
  <nestedLevel>1</nestedLevel>
</record>
<record>
  <date>2020-07-08T10:31:56</date>
  <millis>1594184516869</millis>
  <sequence>21</sequence>
  <level>PASSED</level>
  <class>com.kms.katalon.core.logging.XmlKeywordLogger</class>
  <method>logMessage</method>
  <thread>1</thread>
  <message>Test Cases/Login/InValidLogin</message>
  <nestedLevel>1</nestedLevel>
</record>
<record>
  <date>2020-07-08T10:31:56</date>
  <millis>1594184516872</millis>
  <sequence>22</sequence>
  <level>END</level>
  <class>com.kms.katalon.core.logging.XmlKeywordLogger</class>
  <method>endTest</method>
  <thread>1</thread>
  <message>End Test Case : Test Cases/Login/InValidLogin</message>
  <nestedLevel>0</nestedLevel>
</record>
<record>
  <date>2020-07-08T10:31:56</date>
  <millis>1594184516923</millis>
  <sequence>23</sequence>
  <level>START</level>
  <class>com.kms.katalon.core.logging.XmlKeywordLogger</class>
  <method>startTest</method>
  <thread>1</thread>
  <message>Start Test Case : Test Cases/Login/ValidLogin</message>
  <nestedLevel>1</nestedLevel>
  <property name="name">Test Cases/Login/ValidLogin</property>
  <property name="description">Valid Login Scenario</property>
  <property name="id">Test Cases/Login/ValidLogin</property>
  <property name="source">C:\\Users\\User\\git\\PWHealthcare\\Test Cases\\Login\\ValidLogin.tc</property>
  <property name="tag">validlogin</property>
  <property name="isOptional">false</property>
</record>
<record>
  <date>2020-07-08T10:31:58</date>
  <millis>1594184518351</millis>
  <sequence>25</sequence>
  <level>START</level>
  <class>com.kms.katalon.core.logging.XmlKeywordLogger</class>
  <method>startKeyword</method>
  <thread>1</thread>
  <message>Start action : response = sendRequest(findTestObject(\&amp;quot;User Login/Login URL\&amp;quot;))</message>
  <nestedLevel>1</nestedLevel>
  <property name="startLine">19</property>
  <property name="stepIndex">1</property>
  <property name="description">This is Valid login scenario.\r\n</property>
</record>
<record>
  <date>2020-07-08T10:31:59</date>
  <millis>1594184519708</millis>
  <sequence>28</sequence>
  <level>INFO</level>
  <class>com.kms.katalon.core.logging.XmlKeywordLogger</class>
  <method>logMessage</method>
  <thread>1</thread>
  <message>HAR: C:\\Users\\User\\git\\PWHealthcare\\Reports\\20200708_103128\\Login\\AllLoginScenarios\\20200708_103128\\requests\\main\\1.har</message>
  <nestedLevel>1</nestedLevel>
  <property name="harId">887c192f-f314-4833-bab3-87d44059202c</property>
</record>
<record>
  <date>2020-07-08T10:31:59</date>
  <millis>1594184519735</millis>
  <sequence>29</sequence>
  <level>PASSED</level>
  <class>com.kms.katalon.core.logging.XmlKeywordLogger</class>
  <method>logMessage</method>
  <thread>1</thread>
  <message>Send request successfully</message>
  <nestedLevel>1</nestedLevel>
</record>
<record>
  <date>2020-07-08T10:31:59</date>
  <millis>1594184519741</millis>
  <sequence>30</sequence>
  <level>END</level>
  <class>com.kms.katalon.core.logging.XmlKeywordLogger</class>
  <method>endKeyword</method>
  <thread>1</thread>
  <message>End action : response = sendRequest(findTestObject(\&amp;quot;User Login/Login URL\&amp;quot;))</message>
  <nestedLevel>1</nestedLevel>
</record>
<record>
  <date>2020-07-08T10:31:59</date>
  <millis>1594184519741</millis>
  <sequence>31</sequence>
  <level>START</level>
  <class>com.kms.katalon.core.logging.XmlKeywordLogger</class>
  <method>startKeyword</method>
  <thread>1</thread>
  <message>Start action : verifyResponseStatusCode(response, 200)</message>
  <nestedLevel>1</nestedLevel>
  <property name="startLine">21</property>
  <property name="stepIndex">2</property>
</record>
<record>
  <date>2020-07-08T10:31:59</date>
  <millis>1594184519790</millis>
  <sequence>33</sequence>
  <level>PASSED</level>
  <class>com.kms.katalon.core.logging.XmlKeywordLogger</class>
  <method>logMessage</method>
  <thread>1</thread>
  <message>Verify response status code successfully</message>
  <nestedLevel>1</nestedLevel>
</record>
<record>
  <date>2020-07-08T10:31:59</date>
  <millis>1594184519790</millis>
  <sequence>34</sequence>
  <level>END</level>
  <class>com.kms.katalon.core.logging.XmlKeywordLogger</class>
  <method>endKeyword</method>
  <thread>1</thread>
  <message>End action : verifyResponseStatusCode(response, 200)</message>
  <nestedLevel>1</nestedLevel>
</record>
<record>
  <date>2020-07-08T10:31:59</date>
  <millis>1594184519790</millis>
  <sequence>35</sequence>
  <level>START</level>
  <class>com.kms.katalon.core.logging.XmlKeywordLogger</class>
  <method>startKeyword</method>
  <thread>1</thread>
  <message>Start action : verifyElementPropertyValue(response, \&amp;quot;data.customer.email\&amp;quot;, \&amp;quot;prynk19@birdzi.com\&amp;quot;)</message>
  <nestedLevel>1</nestedLevel>
  <property name="startLine">23</property>
  <property name="stepIndex">3</property>
</record>
<record>
  <date>2020-07-08T10:31:59</date>
  <millis>1594184519948</millis>
  <sequence>37</sequence>
  <level>PASSED</level>
  <class>com.kms.katalon.core.logging.XmlKeywordLogger</class>
  <method>logMessage</method>
  <thread>1</thread>
  <message>Verify element property value successfully</message>
  <nestedLevel>1</nestedLevel>
</record>
<record>
  <date>2020-07-08T10:31:59</date>
  <millis>1594184519956</millis>
  <sequence>38</sequence>
  <level>END</level>
  <class>com.kms.katalon.core.logging.XmlKeywordLogger</class>
  <method>endKeyword</method>
  <thread>1</thread>
  <message>End action : verifyElementPropertyValue(response, \&amp;quot;data.customer.email\&amp;quot;, \&amp;quot;prynk19@birdzi.com\&amp;quot;)</message>
  <nestedLevel>1</nestedLevel>
</record>
<record>
  <date>2020-07-08T10:31:59</date>
  <millis>1594184519958</millis>
  <sequence>39</sequence>
  <level>PASSED</level>
  <class>com.kms.katalon.core.logging.XmlKeywordLogger</class>
  <method>logMessage</method>
  <thread>1</thread>
  <message>Test Cases/Login/ValidLogin</message>
  <nestedLevel>1</nestedLevel>
</record>
<record>
  <date>2020-07-08T10:31:59</date>
  <millis>1594184519958</millis>
  <sequence>40</sequence>
  <level>END</level>
  <class>com.kms.katalon.core.logging.XmlKeywordLogger</class>
  <method>endTest</method>
  <thread>1</thread>
  <message>End Test Case : Test Cases/Login/ValidLogin</message>
  <nestedLevel>0</nestedLevel>
</record>
<record>
  <date>2020-07-08T10:32:00</date>
  <millis>1594184520658</millis>
  <sequence>41</sequence>
  <level>END</level>
  <class>com.kms.katalon.core.logging.XmlKeywordLogger</class>
  <method>endSuite</method>
  <thread>1</thread>
  <message>End Test Suite : Test Suites/Login/AllLoginScenarios</message>
  <nestedLevel>0</nestedLevel>
</record>
</log>
