<?xml version="1.0" encoding="UTF-8" standalone="no"?>
<!DOCTYPE log SYSTEM "logger.dtd">
<log>
<record>
  <date>2020-07-07T15:42:49</date>
  <millis>1594116769107</millis>
  <sequence>0</sequence>
  <level>START</level>
  <class>com.kms.katalon.core.logging.XmlKeywordLogger</class>
  <method>startSuite</method>
  <thread>1</thread>
  <message>Start Test Suite : Test Suites/Login/AllLoginScenarios</message>
  <nestedLevel>0</nestedLevel>
  <property name="name">AllLoginScenarios</property>
  <property name="description"></property>
  <property name="id">Test Suites/Login/AllLoginScenarios</property>
</record>
<record>
  <date>2020-07-07T15:42:49</date>
  <millis>1594116769228</millis>
  <sequence>1</sequence>
  <level>RUN_DATA</level>
  <class>com.kms.katalon.core.logging.XmlKeywordLogger</class>
  <method>logMessage</method>
  <thread>1</thread>
  <message>hostName = User - DESKTOP-N3UIFI2</message>
  <nestedLevel>0</nestedLevel>
  <property name="hostName">User - DESKTOP-N3UIFI2</property>
</record>
<record>
  <date>2020-07-07T15:42:49</date>
  <millis>1594116769240</millis>
  <sequence>2</sequence>
  <level>RUN_DATA</level>
  <class>com.kms.katalon.core.logging.XmlKeywordLogger</class>
  <method>logMessage</method>
  <thread>1</thread>
  <message>os = Windows 10 64bit</message>
  <nestedLevel>0</nestedLevel>
  <property name="os">Windows 10 64bit</property>
</record>
<record>
  <date>2020-07-07T15:42:49</date>
  <millis>1594116769249</millis>
  <sequence>3</sequence>
  <level>RUN_DATA</level>
  <class>com.kms.katalon.core.logging.XmlKeywordLogger</class>
  <method>logMessage</method>
  <thread>1</thread>
  <message>hostAddress = 192.168.0.103</message>
  <nestedLevel>0</nestedLevel>
  <property name="hostAddress">192.168.0.103</property>
</record>
<record>
  <date>2020-07-07T15:42:49</date>
  <millis>1594116769365</millis>
  <sequence>4</sequence>
  <level>RUN_DATA</level>
  <class>com.kms.katalon.core.logging.XmlKeywordLogger</class>
  <method>logMessage</method>
  <thread>1</thread>
  <message>katalonVersion = 7.5.5.1</message>
  <nestedLevel>0</nestedLevel>
  <property name="katalonVersion">7.5.5.1</property>
</record>
<record>
  <date>2020-07-07T15:42:52</date>
  <millis>1594116772194</millis>
  <sequence>5</sequence>
  <level>START</level>
  <class>com.kms.katalon.core.logging.XmlKeywordLogger</class>
  <method>startTest</method>
  <thread>1</thread>
  <message>Start Test Case : Test Cases/Login/InValidLogin</message>
  <nestedLevel>1</nestedLevel>
  <property name="name">Test Cases/Login/InValidLogin</property>
  <property name="description">Valid Login Scenario</property>
  <property name="id">Test Cases/Login/InValidLogin</property>
  <property name="source">C:\\Users\\User\\Desktop\\PW_Healthcare\\PW_Healthcare\\Test Cases\\Login\\InValidLogin.tc</property>
  <property name="tag">validlogin</property>
  <property name="isOptional">false</property>
</record>
<record>
  <date>2020-07-07T15:42:54</date>
  <millis>1594116774501</millis>
  <sequence>7</sequence>
  <level>START</level>
  <class>com.kms.katalon.core.logging.XmlKeywordLogger</class>
  <method>startKeyword</method>
  <thread>1</thread>
  <message>Start action : response = sendRequest(findTestObject(\&amp;quot;User Login/Login URL\&amp;quot;))</message>
  <nestedLevel>1</nestedLevel>
  <property name="startLine">19</property>
  <property name="stepIndex">1</property>
  <property name="description">This is InValid login scenario\r\n</property>
</record>
<record>
  <date>2020-07-07T15:43:01</date>
  <millis>1594116781963</millis>
  <sequence>10</sequence>
  <level>INFO</level>
  <class>com.kms.katalon.core.logging.XmlKeywordLogger</class>
  <method>logMessage</method>
  <thread>1</thread>
  <message>HAR: C:\\Users\\User\\Desktop\\PW_Healthcare\\PW_Healthcare\\Reports\\20200707_154235\\Login\\AllLoginScenarios\\20200707_154235\\requests\\main\\0.har</message>
  <nestedLevel>1</nestedLevel>
  <property name="harId">3d7db3a8-7171-48cc-8922-4f3ad1fc9343</property>
</record>
<record>
  <date>2020-07-07T15:43:02</date>
  <millis>1594116782386</millis>
  <sequence>11</sequence>
  <level>PASSED</level>
  <class>com.kms.katalon.core.logging.XmlKeywordLogger</class>
  <method>logMessage</method>
  <thread>1</thread>
  <message>Send request successfully</message>
  <nestedLevel>1</nestedLevel>
</record>
<record>
  <date>2020-07-07T15:43:02</date>
  <millis>1594116782409</millis>
  <sequence>12</sequence>
  <level>END</level>
  <class>com.kms.katalon.core.logging.XmlKeywordLogger</class>
  <method>endKeyword</method>
  <thread>1</thread>
  <message>End action : response = sendRequest(findTestObject(\&amp;quot;User Login/Login URL\&amp;quot;))</message>
  <nestedLevel>1</nestedLevel>
</record>
<record>
  <date>2020-07-07T15:43:02</date>
  <millis>1594116782410</millis>
  <sequence>13</sequence>
  <level>START</level>
  <class>com.kms.katalon.core.logging.XmlKeywordLogger</class>
  <method>startKeyword</method>
  <thread>1</thread>
  <message>Start action : verifyResponseStatusCode(response, 200)</message>
  <nestedLevel>1</nestedLevel>
  <property name="startLine">21</property>
  <property name="stepIndex">2</property>
</record>
<record>
  <date>2020-07-07T15:43:02</date>
  <millis>1594116782508</millis>
  <sequence>15</sequence>
  <level>PASSED</level>
  <class>com.kms.katalon.core.logging.XmlKeywordLogger</class>
  <method>logMessage</method>
  <thread>1</thread>
  <message>Verify response status code successfully</message>
  <nestedLevel>1</nestedLevel>
</record>
<record>
  <date>2020-07-07T15:43:02</date>
  <millis>1594116782511</millis>
  <sequence>16</sequence>
  <level>END</level>
  <class>com.kms.katalon.core.logging.XmlKeywordLogger</class>
  <method>endKeyword</method>
  <thread>1</thread>
  <message>End action : verifyResponseStatusCode(response, 200)</message>
  <nestedLevel>1</nestedLevel>
</record>
<record>
  <date>2020-07-07T15:43:02</date>
  <millis>1594116782516</millis>
  <sequence>17</sequence>
  <level>START</level>
  <class>com.kms.katalon.core.logging.XmlKeywordLogger</class>
  <method>startKeyword</method>
  <thread>1</thread>
  <message>Start action : verifyElementPropertyValue(response, \&amp;quot;data.customer.email\&amp;quot;, \&amp;quot;prynk19@birdzi.com\&amp;quot;)</message>
  <nestedLevel>1</nestedLevel>
  <property name="startLine">23</property>
  <property name="stepIndex">3</property>
</record>
<record>
  <date>2020-07-07T15:43:03</date>
  <millis>1594116783119</millis>
  <sequence>19</sequence>
  <level>PASSED</level>
  <class>com.kms.katalon.core.logging.XmlKeywordLogger</class>
  <method>logMessage</method>
  <thread>1</thread>
  <message>Verify element property value successfully</message>
  <nestedLevel>1</nestedLevel>
</record>
<record>
  <date>2020-07-07T15:43:03</date>
  <millis>1594116783121</millis>
  <sequence>20</sequence>
  <level>END</level>
  <class>com.kms.katalon.core.logging.XmlKeywordLogger</class>
  <method>endKeyword</method>
  <thread>1</thread>
  <message>End action : verifyElementPropertyValue(response, \&amp;quot;data.customer.email\&amp;quot;, \&amp;quot;prynk19@birdzi.com\&amp;quot;)</message>
  <nestedLevel>1</nestedLevel>
</record>
<record>
  <date>2020-07-07T15:43:03</date>
  <millis>1594116783122</millis>
  <sequence>21</sequence>
  <level>PASSED</level>
  <class>com.kms.katalon.core.logging.XmlKeywordLogger</class>
  <method>logMessage</method>
  <thread>1</thread>
  <message>Test Cases/Login/InValidLogin</message>
  <nestedLevel>1</nestedLevel>
</record>
<record>
  <date>2020-07-07T15:43:03</date>
  <millis>1594116783125</millis>
  <sequence>22</sequence>
  <level>END</level>
  <class>com.kms.katalon.core.logging.XmlKeywordLogger</class>
  <method>endTest</method>
  <thread>1</thread>
  <message>End Test Case : Test Cases/Login/InValidLogin</message>
  <nestedLevel>0</nestedLevel>
</record>
<record>
  <date>2020-07-07T15:43:04</date>
  <millis>1594116784073</millis>
  <sequence>23</sequence>
  <level>START</level>
  <class>com.kms.katalon.core.logging.XmlKeywordLogger</class>
  <method>startTest</method>
  <thread>1</thread>
  <message>Start Test Case : Test Cases/Login/ValidLogin</message>
  <nestedLevel>1</nestedLevel>
  <property name="name">Test Cases/Login/ValidLogin</property>
  <property name="description">Valid Login Scenario</property>
  <property name="id">Test Cases/Login/ValidLogin</property>
  <property name="source">C:\\Users\\User\\Desktop\\PW_Healthcare\\PW_Healthcare\\Test Cases\\Login\\ValidLogin.tc</property>
  <property name="tag">validlogin</property>
  <property name="isOptional">false</property>
</record>
<record>
  <date>2020-07-07T15:43:05</date>
  <millis>1594116785468</millis>
  <sequence>25</sequence>
  <level>START</level>
  <class>com.kms.katalon.core.logging.XmlKeywordLogger</class>
  <method>startKeyword</method>
  <thread>1</thread>
  <message>Start action : response = sendRequest(findTestObject(\&amp;quot;User Login/Login URL\&amp;quot;))</message>
  <nestedLevel>1</nestedLevel>
  <property name="startLine">19</property>
  <property name="stepIndex">1</property>
  <property name="description">This is Valid login scenario.\r\n</property>
</record>
<record>
  <date>2020-07-07T15:43:06</date>
  <millis>1594116786736</millis>
  <sequence>28</sequence>
  <level>INFO</level>
  <class>com.kms.katalon.core.logging.XmlKeywordLogger</class>
  <method>logMessage</method>
  <thread>1</thread>
  <message>HAR: C:\\Users\\User\\Desktop\\PW_Healthcare\\PW_Healthcare\\Reports\\20200707_154235\\Login\\AllLoginScenarios\\20200707_154235\\requests\\main\\1.har</message>
  <nestedLevel>1</nestedLevel>
  <property name="harId">b11f9f31-7ec6-438c-ba0c-e52bbdf11743</property>
</record>
<record>
  <date>2020-07-07T15:43:06</date>
  <millis>1594116786745</millis>
  <sequence>29</sequence>
  <level>PASSED</level>
  <class>com.kms.katalon.core.logging.XmlKeywordLogger</class>
  <method>logMessage</method>
  <thread>1</thread>
  <message>Send request successfully</message>
  <nestedLevel>1</nestedLevel>
</record>
<record>
  <date>2020-07-07T15:43:06</date>
  <millis>1594116786747</millis>
  <sequence>30</sequence>
  <level>END</level>
  <class>com.kms.katalon.core.logging.XmlKeywordLogger</class>
  <method>endKeyword</method>
  <thread>1</thread>
  <message>End action : response = sendRequest(findTestObject(\&amp;quot;User Login/Login URL\&amp;quot;))</message>
  <nestedLevel>1</nestedLevel>
</record>
<record>
  <date>2020-07-07T15:43:06</date>
  <millis>1594116786748</millis>
  <sequence>31</sequence>
  <level>START</level>
  <class>com.kms.katalon.core.logging.XmlKeywordLogger</class>
  <method>startKeyword</method>
  <thread>1</thread>
  <message>Start action : verifyResponseStatusCode(response, 200)</message>
  <nestedLevel>1</nestedLevel>
  <property name="startLine">21</property>
  <property name="stepIndex">2</property>
</record>
<record>
  <date>2020-07-07T15:43:06</date>
  <millis>1594116786766</millis>
  <sequence>33</sequence>
  <level>PASSED</level>
  <class>com.kms.katalon.core.logging.XmlKeywordLogger</class>
  <method>logMessage</method>
  <thread>1</thread>
  <message>Verify response status code successfully</message>
  <nestedLevel>1</nestedLevel>
</record>
<record>
  <date>2020-07-07T15:43:06</date>
  <millis>1594116786768</millis>
  <sequence>34</sequence>
  <level>END</level>
  <class>com.kms.katalon.core.logging.XmlKeywordLogger</class>
  <method>endKeyword</method>
  <thread>1</thread>
  <message>End action : verifyResponseStatusCode(response, 200)</message>
  <nestedLevel>1</nestedLevel>
</record>
<record>
  <date>2020-07-07T15:43:06</date>
  <millis>1594116786770</millis>
  <sequence>35</sequence>
  <level>START</level>
  <class>com.kms.katalon.core.logging.XmlKeywordLogger</class>
  <method>startKeyword</method>
  <thread>1</thread>
  <message>Start action : verifyElementPropertyValue(response, \&amp;quot;data.customer.email\&amp;quot;, \&amp;quot;prynk19@birdzi.com\&amp;quot;)</message>
  <nestedLevel>1</nestedLevel>
  <property name="startLine">23</property>
  <property name="stepIndex">3</property>
</record>
<record>
  <date>2020-07-07T15:43:06</date>
  <millis>1594116786853</millis>
  <sequence>37</sequence>
  <level>PASSED</level>
  <class>com.kms.katalon.core.logging.XmlKeywordLogger</class>
  <method>logMessage</method>
  <thread>1</thread>
  <message>Verify element property value successfully</message>
  <nestedLevel>1</nestedLevel>
</record>
<record>
  <date>2020-07-07T15:43:06</date>
  <millis>1594116786861</millis>
  <sequence>38</sequence>
  <level>END</level>
  <class>com.kms.katalon.core.logging.XmlKeywordLogger</class>
  <method>endKeyword</method>
  <thread>1</thread>
  <message>End action : verifyElementPropertyValue(response, \&amp;quot;data.customer.email\&amp;quot;, \&amp;quot;prynk19@birdzi.com\&amp;quot;)</message>
  <nestedLevel>1</nestedLevel>
</record>
<record>
  <date>2020-07-07T15:43:06</date>
  <millis>1594116786861</millis>
  <sequence>39</sequence>
  <level>PASSED</level>
  <class>com.kms.katalon.core.logging.XmlKeywordLogger</class>
  <method>logMessage</method>
  <thread>1</thread>
  <message>Test Cases/Login/ValidLogin</message>
  <nestedLevel>1</nestedLevel>
</record>
<record>
  <date>2020-07-07T15:43:06</date>
  <millis>1594116786871</millis>
  <sequence>40</sequence>
  <level>END</level>
  <class>com.kms.katalon.core.logging.XmlKeywordLogger</class>
  <method>endTest</method>
  <thread>1</thread>
  <message>End Test Case : Test Cases/Login/ValidLogin</message>
  <nestedLevel>0</nestedLevel>
</record>
<record>
  <date>2020-07-07T15:43:07</date>
  <millis>1594116787285</millis>
  <sequence>41</sequence>
  <level>END</level>
  <class>com.kms.katalon.core.logging.XmlKeywordLogger</class>
  <method>endSuite</method>
  <thread>1</thread>
  <message>End Test Suite : Test Suites/Login/AllLoginScenarios</message>
  <nestedLevel>0</nestedLevel>
</record>
</log>
