<?xml version="1.0" encoding="UTF-8" standalone="no"?>
<!DOCTYPE log SYSTEM "logger.dtd">
<log>
<record>
  <date>2020-07-08T14:49:18</date>
  <millis>1594199958418</millis>
  <sequence>0</sequence>
  <level>START</level>
  <class>com.kms.katalon.core.logging.XmlKeywordLogger</class>
  <method>startSuite</method>
  <thread>1</thread>
  <message>Start Test Suite : Test Suites/Login/AllLoginScenarios</message>
  <nestedLevel>0</nestedLevel>
  <property name="name">AllLoginScenarios</property>
  <property name="description"></property>
  <property name="id">Test Suites/Login/AllLoginScenarios</property>
</record>
<record>
  <date>2020-07-08T14:49:18</date>
  <millis>1594199958480</millis>
  <sequence>1</sequence>
  <level>RUN_DATA</level>
  <class>com.kms.katalon.core.logging.XmlKeywordLogger</class>
  <method>logMessage</method>
  <thread>1</thread>
  <message>hostName = User - DESKTOP-N3UIFI2</message>
  <nestedLevel>0</nestedLevel>
  <property name="hostName">User - DESKTOP-N3UIFI2</property>
</record>
<record>
  <date>2020-07-08T14:49:18</date>
  <millis>1594199958558</millis>
  <sequence>2</sequence>
  <level>RUN_DATA</level>
  <class>com.kms.katalon.core.logging.XmlKeywordLogger</class>
  <method>logMessage</method>
  <thread>1</thread>
  <message>os = Windows 10 64bit</message>
  <nestedLevel>0</nestedLevel>
  <property name="os">Windows 10 64bit</property>
</record>
<record>
  <date>2020-07-08T14:49:18</date>
  <millis>1594199958558</millis>
  <sequence>3</sequence>
  <level>RUN_DATA</level>
  <class>com.kms.katalon.core.logging.XmlKeywordLogger</class>
  <method>logMessage</method>
  <thread>1</thread>
  <message>hostAddress = 192.168.0.103</message>
  <nestedLevel>0</nestedLevel>
  <property name="hostAddress">192.168.0.103</property>
</record>
<record>
  <date>2020-07-08T14:49:18</date>
  <millis>1594199958558</millis>
  <sequence>4</sequence>
  <level>RUN_DATA</level>
  <class>com.kms.katalon.core.logging.XmlKeywordLogger</class>
  <method>logMessage</method>
  <thread>1</thread>
  <message>katalonVersion = 7.5.5.1</message>
  <nestedLevel>0</nestedLevel>
  <property name="katalonVersion">7.5.5.1</property>
</record>
<record>
  <date>2020-07-08T14:49:19</date>
  <millis>1594199959230</millis>
  <sequence>5</sequence>
  <level>START</level>
  <class>com.kms.katalon.core.logging.XmlKeywordLogger</class>
  <method>startTest</method>
  <thread>1</thread>
  <message>Start Test Case : Test Cases/Login/ValidLogin</message>
  <nestedLevel>1</nestedLevel>
  <property name="name">Test Cases/Login/ValidLogin</property>
  <property name="description">Valid Login Scenario</property>
  <property name="id">Test Cases/Login/ValidLogin</property>
  <property name="source">C:\\Users\\User\\git\\PWHealthcare\\Test Cases\\Login\\ValidLogin.tc</property>
  <property name="tag">validlogin</property>
  <property name="isOptional">false</property>
</record>
<record>
  <date>2020-07-08T14:49:20</date>
  <millis>1594199960081</millis>
  <sequence>7</sequence>
  <level>START</level>
  <class>com.kms.katalon.core.logging.XmlKeywordLogger</class>
  <method>startKeyword</method>
  <thread>1</thread>
  <message>Start action : response = sendRequest(findTestObject(\&amp;quot;User Login/Login URL\&amp;quot;))</message>
  <nestedLevel>1</nestedLevel>
  <property name="startLine">19</property>
  <property name="stepIndex">1</property>
  <property name="description">This is Valid login scenario.\r\n</property>
</record>
<record>
  <date>2020-07-08T14:49:23</date>
  <millis>1594199963883</millis>
  <sequence>10</sequence>
  <level>INFO</level>
  <class>com.kms.katalon.core.logging.XmlKeywordLogger</class>
  <method>logMessage</method>
  <thread>1</thread>
  <message>HAR: C:\\Users\\User\\git\\PWHealthcare\\Reports\\20200708_144911\\Login\\AllLoginScenarios\\20200708_144911\\requests\\main\\0.har</message>
  <nestedLevel>1</nestedLevel>
  <property name="harId">e72d0496-6eeb-46a2-be96-87d142df484c</property>
</record>
<record>
  <date>2020-07-08T14:49:24</date>
  <millis>1594199964185</millis>
  <sequence>11</sequence>
  <level>PASSED</level>
  <class>com.kms.katalon.core.logging.XmlKeywordLogger</class>
  <method>logMessage</method>
  <thread>1</thread>
  <message>Send request successfully</message>
  <nestedLevel>1</nestedLevel>
</record>
<record>
  <date>2020-07-08T14:49:24</date>
  <millis>1594199964197</millis>
  <sequence>12</sequence>
  <level>END</level>
  <class>com.kms.katalon.core.logging.XmlKeywordLogger</class>
  <method>endKeyword</method>
  <thread>1</thread>
  <message>End action : response = sendRequest(findTestObject(\&amp;quot;User Login/Login URL\&amp;quot;))</message>
  <nestedLevel>1</nestedLevel>
</record>
<record>
  <date>2020-07-08T14:49:24</date>
  <millis>1594199964198</millis>
  <sequence>13</sequence>
  <level>START</level>
  <class>com.kms.katalon.core.logging.XmlKeywordLogger</class>
  <method>startKeyword</method>
  <thread>1</thread>
  <message>Start action : verifyResponseStatusCode(response, 200)</message>
  <nestedLevel>1</nestedLevel>
  <property name="startLine">21</property>
  <property name="stepIndex">2</property>
</record>
<record>
  <date>2020-07-08T14:49:24</date>
  <millis>1594199964324</millis>
  <sequence>15</sequence>
  <level>PASSED</level>
  <class>com.kms.katalon.core.logging.XmlKeywordLogger</class>
  <method>logMessage</method>
  <thread>1</thread>
  <message>Verify response status code successfully</message>
  <nestedLevel>1</nestedLevel>
</record>
<record>
  <date>2020-07-08T14:49:24</date>
  <millis>1594199964339</millis>
  <sequence>16</sequence>
  <level>END</level>
  <class>com.kms.katalon.core.logging.XmlKeywordLogger</class>
  <method>endKeyword</method>
  <thread>1</thread>
  <message>End action : verifyResponseStatusCode(response, 200)</message>
  <nestedLevel>1</nestedLevel>
</record>
<record>
  <date>2020-07-08T14:49:24</date>
  <millis>1594199964340</millis>
  <sequence>17</sequence>
  <level>START</level>
  <class>com.kms.katalon.core.logging.XmlKeywordLogger</class>
  <method>startKeyword</method>
  <thread>1</thread>
  <message>Start action : verifyElementPropertyValue(response, \&amp;quot;data.customer.email\&amp;quot;, \&amp;quot;prynk19@birdzi.com\&amp;quot;)</message>
  <nestedLevel>1</nestedLevel>
  <property name="startLine">23</property>
  <property name="stepIndex">3</property>
</record>
<record>
  <date>2020-07-08T14:49:24</date>
  <millis>1594199964550</millis>
  <sequence>19</sequence>
  <level>PASSED</level>
  <class>com.kms.katalon.core.logging.XmlKeywordLogger</class>
  <method>logMessage</method>
  <thread>1</thread>
  <message>Verify element property value successfully</message>
  <nestedLevel>1</nestedLevel>
</record>
<record>
  <date>2020-07-08T14:49:24</date>
  <millis>1594199964552</millis>
  <sequence>20</sequence>
  <level>END</level>
  <class>com.kms.katalon.core.logging.XmlKeywordLogger</class>
  <method>endKeyword</method>
  <thread>1</thread>
  <message>End action : verifyElementPropertyValue(response, \&amp;quot;data.customer.email\&amp;quot;, \&amp;quot;prynk19@birdzi.com\&amp;quot;)</message>
  <nestedLevel>1</nestedLevel>
</record>
<record>
  <date>2020-07-08T14:49:24</date>
  <millis>1594199964560</millis>
  <sequence>21</sequence>
  <level>PASSED</level>
  <class>com.kms.katalon.core.logging.XmlKeywordLogger</class>
  <method>logMessage</method>
  <thread>1</thread>
  <message>Test Cases/Login/ValidLogin</message>
  <nestedLevel>1</nestedLevel>
</record>
<record>
  <date>2020-07-08T14:49:24</date>
  <millis>1594199964605</millis>
  <sequence>22</sequence>
  <level>END</level>
  <class>com.kms.katalon.core.logging.XmlKeywordLogger</class>
  <method>endTest</method>
  <thread>1</thread>
  <message>End Test Case : Test Cases/Login/ValidLogin</message>
  <nestedLevel>0</nestedLevel>
</record>
<record>
  <date>2020-07-08T14:49:24</date>
  <millis>1594199964712</millis>
  <sequence>23</sequence>
  <level>START</level>
  <class>com.kms.katalon.core.logging.XmlKeywordLogger</class>
  <method>startTest</method>
  <thread>1</thread>
  <message>Start Test Case : Test Cases/Login/InValidLogin</message>
  <nestedLevel>1</nestedLevel>
  <property name="name">Test Cases/Login/InValidLogin</property>
  <property name="description">Valid Login Scenario</property>
  <property name="id">Test Cases/Login/InValidLogin</property>
  <property name="source">C:\\Users\\User\\git\\PWHealthcare\\Test Cases\\Login\\InValidLogin.tc</property>
  <property name="tag">validlogin</property>
  <property name="isOptional">false</property>
</record>
<record>
  <date>2020-07-08T14:49:25</date>
  <millis>1594199965318</millis>
  <sequence>25</sequence>
  <level>START</level>
  <class>com.kms.katalon.core.logging.XmlKeywordLogger</class>
  <method>startKeyword</method>
  <thread>1</thread>
  <message>Start action : response = sendRequest(findTestObject(\&amp;quot;User Login/Login URL\&amp;quot;))</message>
  <nestedLevel>1</nestedLevel>
  <property name="startLine">19</property>
  <property name="stepIndex">1</property>
  <property name="description">This is Invalid login scenario.\r\n</property>
</record>
<record>
  <date>2020-07-08T14:49:26</date>
  <millis>1594199966539</millis>
  <sequence>28</sequence>
  <level>INFO</level>
  <class>com.kms.katalon.core.logging.XmlKeywordLogger</class>
  <method>logMessage</method>
  <thread>1</thread>
  <message>HAR: C:\\Users\\User\\git\\PWHealthcare\\Reports\\20200708_144911\\Login\\AllLoginScenarios\\20200708_144911\\requests\\main\\1.har</message>
  <nestedLevel>1</nestedLevel>
  <property name="harId">efb6f40d-3ee8-4244-acba-b690cf48fd15</property>
</record>
<record>
  <date>2020-07-08T14:49:26</date>
  <millis>1594199966548</millis>
  <sequence>29</sequence>
  <level>PASSED</level>
  <class>com.kms.katalon.core.logging.XmlKeywordLogger</class>
  <method>logMessage</method>
  <thread>1</thread>
  <message>Send request successfully</message>
  <nestedLevel>1</nestedLevel>
</record>
<record>
  <date>2020-07-08T14:49:26</date>
  <millis>1594199966563</millis>
  <sequence>30</sequence>
  <level>END</level>
  <class>com.kms.katalon.core.logging.XmlKeywordLogger</class>
  <method>endKeyword</method>
  <thread>1</thread>
  <message>End action : response = sendRequest(findTestObject(\&amp;quot;User Login/Login URL\&amp;quot;))</message>
  <nestedLevel>1</nestedLevel>
</record>
<record>
  <date>2020-07-08T14:49:26</date>
  <millis>1594199966579</millis>
  <sequence>31</sequence>
  <level>START</level>
  <class>com.kms.katalon.core.logging.XmlKeywordLogger</class>
  <method>startKeyword</method>
  <thread>1</thread>
  <message>Start action : verifyResponseStatusCode(response, 200)</message>
  <nestedLevel>1</nestedLevel>
  <property name="startLine">21</property>
  <property name="stepIndex">2</property>
</record>
<record>
  <date>2020-07-08T14:49:26</date>
  <millis>1594199966591</millis>
  <sequence>33</sequence>
  <level>PASSED</level>
  <class>com.kms.katalon.core.logging.XmlKeywordLogger</class>
  <method>logMessage</method>
  <thread>1</thread>
  <message>Verify response status code successfully</message>
  <nestedLevel>1</nestedLevel>
</record>
<record>
  <date>2020-07-08T14:49:26</date>
  <millis>1594199966591</millis>
  <sequence>34</sequence>
  <level>END</level>
  <class>com.kms.katalon.core.logging.XmlKeywordLogger</class>
  <method>endKeyword</method>
  <thread>1</thread>
  <message>End action : verifyResponseStatusCode(response, 200)</message>
  <nestedLevel>1</nestedLevel>
</record>
<record>
  <date>2020-07-08T14:49:26</date>
  <millis>1594199966591</millis>
  <sequence>35</sequence>
  <level>START</level>
  <class>com.kms.katalon.core.logging.XmlKeywordLogger</class>
  <method>startKeyword</method>
  <thread>1</thread>
  <message>Start action : verifyElementPropertyValue(response, \&amp;quot;data.customer.email\&amp;quot;, \&amp;quot;prynk19@birdzi.com\&amp;quot;)</message>
  <nestedLevel>1</nestedLevel>
  <property name="startLine">23</property>
  <property name="stepIndex">3</property>
</record>
<record>
  <date>2020-07-08T14:49:26</date>
  <millis>1594199966757</millis>
  <sequence>37</sequence>
  <level>PASSED</level>
  <class>com.kms.katalon.core.logging.XmlKeywordLogger</class>
  <method>logMessage</method>
  <thread>1</thread>
  <message>Verify element property value successfully</message>
  <nestedLevel>1</nestedLevel>
</record>
<record>
  <date>2020-07-08T14:49:26</date>
  <millis>1594199966765</millis>
  <sequence>38</sequence>
  <level>END</level>
  <class>com.kms.katalon.core.logging.XmlKeywordLogger</class>
  <method>endKeyword</method>
  <thread>1</thread>
  <message>End action : verifyElementPropertyValue(response, \&amp;quot;data.customer.email\&amp;quot;, \&amp;quot;prynk19@birdzi.com\&amp;quot;)</message>
  <nestedLevel>1</nestedLevel>
</record>
<record>
  <date>2020-07-08T14:49:26</date>
  <millis>1594199966765</millis>
  <sequence>39</sequence>
  <level>PASSED</level>
  <class>com.kms.katalon.core.logging.XmlKeywordLogger</class>
  <method>logMessage</method>
  <thread>1</thread>
  <message>Test Cases/Login/InValidLogin</message>
  <nestedLevel>1</nestedLevel>
</record>
<record>
  <date>2020-07-08T14:49:26</date>
  <millis>1594199966767</millis>
  <sequence>40</sequence>
  <level>END</level>
  <class>com.kms.katalon.core.logging.XmlKeywordLogger</class>
  <method>endTest</method>
  <thread>1</thread>
  <message>End Test Case : Test Cases/Login/InValidLogin</message>
  <nestedLevel>0</nestedLevel>
</record>
<record>
  <date>2020-07-08T14:49:27</date>
  <millis>1594199967859</millis>
  <sequence>41</sequence>
  <level>END</level>
  <class>com.kms.katalon.core.logging.XmlKeywordLogger</class>
  <method>endSuite</method>
  <thread>1</thread>
  <message>End Test Suite : Test Suites/Login/AllLoginScenarios</message>
  <nestedLevel>0</nestedLevel>
</record>
</log>
